Traceback (most recent call last):
  File "C:\Users\Berend\anaconda3\envs\jupyterbook\lib\site-packages\jupyter_cache\executors\utils.py", line 58, in single_nb_execution
    executenb(
  File "C:\Users\Berend\anaconda3\envs\jupyterbook\lib\site-packages\nbclient\client.py", line 1305, in execute
    return NotebookClient(nb=nb, resources=resources, km=km, **kwargs).execute()
  File "C:\Users\Berend\anaconda3\envs\jupyterbook\lib\site-packages\jupyter_core\utils\__init__.py", line 166, in wrapped
    return loop.run_until_complete(inner)
  File "C:\Users\Berend\anaconda3\envs\jupyterbook\lib\asyncio\base_events.py", line 647, in run_until_complete
    return future.result()
  File "C:\Users\Berend\anaconda3\envs\jupyterbook\lib\site-packages\nbclient\client.py", line 705, in async_execute
    await self.async_execute_cell(
  File "C:\Users\Berend\anaconda3\envs\jupyterbook\lib\site-packages\nbclient\client.py", line 1058, in async_execute_cell
    await self._check_raise_for_error(cell, cell_index, exec_reply)
  File "C:\Users\Berend\anaconda3\envs\jupyterbook\lib\site-packages\nbclient\client.py", line 914, in _check_raise_for_error
    raise CellExecutionError.from_cell_and_msg(cell, exec_reply_content)
nbclient.exceptions.CellExecutionError: An error occurred while executing the following cell:
------------------
import pandas as pd

# Maak een lijst van dictionaries waarbij elke dictionary een rij in de DataFrame vertegenwoordigt
data = []
for i in range(1, 8):
    data.append({
        'Welke graph': i,
        'Welke AI': 'Chat-GPT',
        'Waarom was het nodig': 'Aanvullen van code' if i % 2 == 1 else 'Helpen met error',
        'Wat gevraagd': [
            'Hoe ziet een basis landkaart er uit en welke imports heb ik nodig?',
            'Waarom krijg ik deze error (paste code) >> (bleek een verkeerde kleur module te zijn)',
            'Hoe maak je een bubbelplot',
            'Waarom krijg ik hier een error (paste code)',
            'Hoe maak je een boxplot in jupyter notebook?',
            'how to select all rows that have a string that starts with 2019 in the dt column',
            'how to export a df as csv using pandas'
        ][i-1]
    })

# Maak een nieuwe dataframe van de lijst van dictionaries
df = pd.DataFrame(data)

# Verberg de index van de dataframe
df.style.hide_index()

# Geef de tabel een titel
print('Appendix')
display(df)
------------------


[1;31m---------------------------------------------------------------------------[0m
[1;31mAttributeError[0m                            Traceback (most recent call last)
Cell [1;32mIn[10], line 25[0m
[0;32m     22[0m df [38;5;241m=[39m pd[38;5;241m.[39mDataFrame(data)
[0;32m     24[0m [38;5;66;03m# Verberg de index van de dataframe[39;00m
[1;32m---> 25[0m [43mdf[49m[38;5;241;43m.[39;49m[43mstyle[49m[38;5;241;43m.[39;49m[43mhide_index[49m()
[0;32m     27[0m [38;5;66;03m# Geef de tabel een titel[39;00m
[0;32m     28[0m [38;5;28mprint[39m([38;5;124m'[39m[38;5;124mAppendix[39m[38;5;124m'[39m)

[1;31mAttributeError[0m: 'Styler' object has no attribute 'hide_index'

